2015-07-16 10:36:53 [WARN] - [main] com.jolbox.bonecp.BoneCPConfig  - LogStatementsEnabled is set to true, but log4j level is not set at DEBUG. Disabling statement logging.
2015-07-16 10:36:53 [WARN] - [main] com.jolbox.bonecp.BoneCP  - Thread close connection monitoring has been enabled. This will negatively impact on your performance. Only enable this option for debugging purposes!
2015-07-16 10:36:54 [WARN] - [main] org.dozer.config.GlobalSettings  - Dozer configuration file not found: dozer.properties.  Using defaults for all Dozer global properties.
2015-07-16 10:36:55 [WARN] - [qbscheduler-1] com.jolbox.bonecp.BoneCPConfig  - LogStatementsEnabled is set to true, but log4j level is not set at DEBUG. Disabling statement logging.
2015-07-16 10:36:55 [WARN] - [qbscheduler-1] com.jolbox.bonecp.BoneCP  - Thread close connection monitoring has been enabled. This will negatively impact on your performance. Only enable this option for debugging purposes!
2015-07-16 10:37:27 [WARN] - [main] com.jolbox.bonecp.BoneCPConfig  - LogStatementsEnabled is set to true, but log4j level is not set at DEBUG. Disabling statement logging.
2015-07-16 10:37:27 [WARN] - [main] com.jolbox.bonecp.BoneCP  - Thread close connection monitoring has been enabled. This will negatively impact on your performance. Only enable this option for debugging purposes!
2015-07-16 10:37:28 [WARN] - [main] org.dozer.config.GlobalSettings  - Dozer configuration file not found: dozer.properties.  Using defaults for all Dozer global properties.
2015-07-16 10:37:29 [WARN] - [qbscheduler-1] com.jolbox.bonecp.BoneCPConfig  - LogStatementsEnabled is set to true, but log4j level is not set at DEBUG. Disabling statement logging.
2015-07-16 10:37:29 [WARN] - [qbscheduler-1] com.jolbox.bonecp.BoneCP  - Thread close connection monitoring has been enabled. This will negatively impact on your performance. Only enable this option for debugging purposes!
2015-07-16 10:38:01 [WARN] - [main] com.jolbox.bonecp.BoneCPConfig  - LogStatementsEnabled is set to true, but log4j level is not set at DEBUG. Disabling statement logging.
2015-07-16 10:38:01 [WARN] - [main] com.jolbox.bonecp.BoneCP  - Thread close connection monitoring has been enabled. This will negatively impact on your performance. Only enable this option for debugging purposes!
2015-07-16 10:38:02 [WARN] - [main] org.dozer.config.GlobalSettings  - Dozer configuration file not found: dozer.properties.  Using defaults for all Dozer global properties.
2015-07-16 10:38:03 [WARN] - [qbscheduler-1] com.jolbox.bonecp.BoneCPConfig  - LogStatementsEnabled is set to true, but log4j level is not set at DEBUG. Disabling statement logging.
2015-07-16 10:38:03 [WARN] - [qbscheduler-1] com.jolbox.bonecp.BoneCP  - Thread close connection monitoring has been enabled. This will negatively impact on your performance. Only enable this option for debugging purposes!
2015-07-16 10:38:35 [WARN] - [main] com.jolbox.bonecp.BoneCPConfig  - LogStatementsEnabled is set to true, but log4j level is not set at DEBUG. Disabling statement logging.
2015-07-16 10:38:35 [WARN] - [main] com.jolbox.bonecp.BoneCP  - Thread close connection monitoring has been enabled. This will negatively impact on your performance. Only enable this option for debugging purposes!
2015-07-16 10:38:36 [WARN] - [main] org.dozer.config.GlobalSettings  - Dozer configuration file not found: dozer.properties.  Using defaults for all Dozer global properties.
2015-07-16 10:38:37 [WARN] - [qbscheduler-1] com.jolbox.bonecp.BoneCPConfig  - LogStatementsEnabled is set to true, but log4j level is not set at DEBUG. Disabling statement logging.
2015-07-16 10:38:37 [WARN] - [qbscheduler-1] com.jolbox.bonecp.BoneCP  - Thread close connection monitoring has been enabled. This will negatively impact on your performance. Only enable this option for debugging purposes!
2015-07-16 10:39:09 [WARN] - [main] com.jolbox.bonecp.BoneCPConfig  - LogStatementsEnabled is set to true, but log4j level is not set at DEBUG. Disabling statement logging.
2015-07-16 10:39:09 [WARN] - [main] com.jolbox.bonecp.BoneCP  - Thread close connection monitoring has been enabled. This will negatively impact on your performance. Only enable this option for debugging purposes!
2015-07-16 10:39:10 [WARN] - [main] org.dozer.config.GlobalSettings  - Dozer configuration file not found: dozer.properties.  Using defaults for all Dozer global properties.
2015-07-16 10:39:11 [WARN] - [qbscheduler-1] com.jolbox.bonecp.BoneCPConfig  - LogStatementsEnabled is set to true, but log4j level is not set at DEBUG. Disabling statement logging.
2015-07-16 10:39:11 [WARN] - [qbscheduler-1] com.jolbox.bonecp.BoneCP  - Thread close connection monitoring has been enabled. This will negatively impact on your performance. Only enable this option for debugging purposes!
2015-07-16 10:49:45 [WARN] - [WrapperSimpleAppMain] com.jolbox.bonecp.BoneCPConfig  - LogStatementsEnabled is set to true, but log4j level is not set at DEBUG. Disabling statement logging.
2015-07-16 10:49:45 [WARN] - [WrapperSimpleAppMain] com.jolbox.bonecp.BoneCP  - Thread close connection monitoring has been enabled. This will negatively impact on your performance. Only enable this option for debugging purposes!
2015-07-16 10:49:46 [WARN] - [WrapperSimpleAppMain] org.dozer.config.GlobalSettings  - Dozer configuration file not found: dozer.properties.  Using defaults for all Dozer global properties.
2015-07-16 10:49:47 [WARN] - [qbscheduler-1] com.jolbox.bonecp.BoneCPConfig  - LogStatementsEnabled is set to true, but log4j level is not set at DEBUG. Disabling statement logging.
2015-07-16 10:49:47 [WARN] - [qbscheduler-1] com.jolbox.bonecp.BoneCP  - Thread close connection monitoring has been enabled. This will negatively impact on your performance. Only enable this option for debugging purposes!
2015-07-16 10:50:12 [WARN] - [WrapperSimpleAppMain] com.jolbox.bonecp.BoneCPConfig  - LogStatementsEnabled is set to true, but log4j level is not set at DEBUG. Disabling statement logging.
2015-07-16 10:50:12 [WARN] - [WrapperSimpleAppMain] com.jolbox.bonecp.BoneCP  - Thread close connection monitoring has been enabled. This will negatively impact on your performance. Only enable this option for debugging purposes!
2015-07-16 10:50:13 [WARN] - [WrapperSimpleAppMain] org.dozer.config.GlobalSettings  - Dozer configuration file not found: dozer.properties.  Using defaults for all Dozer global properties.
2015-07-16 10:50:14 [WARN] - [qbscheduler-1] com.jolbox.bonecp.BoneCPConfig  - LogStatementsEnabled is set to true, but log4j level is not set at DEBUG. Disabling statement logging.
2015-07-16 10:50:14 [WARN] - [qbscheduler-1] com.jolbox.bonecp.BoneCP  - Thread close connection monitoring has been enabled. This will negatively impact on your performance. Only enable this option for debugging purposes!
2015-07-16 10:55:42 [WARN] - [WrapperSimpleAppMain] com.jolbox.bonecp.BoneCPConfig  - LogStatementsEnabled is set to true, but log4j level is not set at DEBUG. Disabling statement logging.
2015-07-16 10:55:43 [WARN] - [WrapperSimpleAppMain] com.jolbox.bonecp.BoneCP  - Thread close connection monitoring has been enabled. This will negatively impact on your performance. Only enable this option for debugging purposes!
2015-07-16 10:55:44 [WARN] - [WrapperSimpleAppMain] org.dozer.config.GlobalSettings  - Dozer configuration file not found: dozer.properties.  Using defaults for all Dozer global properties.
2015-07-16 10:55:44 [WARN] - [qbscheduler-1] com.jolbox.bonecp.BoneCPConfig  - LogStatementsEnabled is set to true, but log4j level is not set at DEBUG. Disabling statement logging.
2015-07-16 10:55:44 [WARN] - [qbscheduler-1] com.jolbox.bonecp.BoneCP  - Thread close connection monitoring has been enabled. This will negatively impact on your performance. Only enable this option for debugging purposes!
2015-07-16 16:29:01 [WARN] - [WrapperSimpleAppMain] com.jolbox.bonecp.BoneCPConfig  - LogStatementsEnabled is set to true, but log4j level is not set at DEBUG. Disabling statement logging.
2015-07-16 16:29:01 [WARN] - [WrapperSimpleAppMain] com.jolbox.bonecp.BoneCP  - Thread close connection monitoring has been enabled. This will negatively impact on your performance. Only enable this option for debugging purposes!
2015-07-16 16:29:03 [WARN] - [WrapperSimpleAppMain] org.dozer.config.GlobalSettings  - Dozer configuration file not found: dozer.properties.  Using defaults for all Dozer global properties.
2015-07-16 16:29:04 [WARN] - [dataFetchScheduler-1] com.jolbox.bonecp.BoneCPConfig  - LogStatementsEnabled is set to true, but log4j level is not set at DEBUG. Disabling statement logging.
2015-07-16 16:29:04 [WARN] - [dataFetchScheduler-1] com.jolbox.bonecp.BoneCP  - Thread close connection monitoring has been enabled. This will negatively impact on your performance. Only enable this option for debugging purposes!
2015-07-16 16:33:20 [WARN] - [WrapperSimpleAppMain] com.jolbox.bonecp.BoneCPConfig  - LogStatementsEnabled is set to true, but log4j level is not set at DEBUG. Disabling statement logging.
2015-07-16 16:33:26 [WARN] - [WrapperSimpleAppMain] com.jolbox.bonecp.BoneCPConfig  - LogStatementsEnabled is set to true, but log4j level is not set at DEBUG. Disabling statement logging.
2015-07-16 16:33:28 [WARN] - [WrapperSimpleAppMain] org.dozer.config.GlobalSettings  - Dozer configuration file not found: dozer.properties.  Using defaults for all Dozer global properties.
2015-07-16 16:33:29 [WARN] - [WrapperSimpleAppMain] com.jolbox.bonecp.BoneCPConfig  - LogStatementsEnabled is set to true, but log4j level is not set at DEBUG. Disabling statement logging.
2015-07-16 16:44:57 [WARN] - [WrapperSimpleAppMain] com.jolbox.bonecp.BoneCPConfig  - LogStatementsEnabled is set to true, but log4j level is not set at DEBUG. Disabling statement logging.
2015-07-16 16:45:00 [WARN] - [WrapperSimpleAppMain] com.jolbox.bonecp.BoneCPConfig  - LogStatementsEnabled is set to true, but log4j level is not set at DEBUG. Disabling statement logging.
2015-07-16 16:45:02 [WARN] - [WrapperSimpleAppMain] org.dozer.config.GlobalSettings  - Dozer configuration file not found: dozer.properties.  Using defaults for all Dozer global properties.
2015-07-16 16:45:03 [WARN] - [WrapperSimpleAppMain] com.jolbox.bonecp.BoneCPConfig  - LogStatementsEnabled is set to true, but log4j level is not set at DEBUG. Disabling statement logging.
2015-07-16 16:47:27 [WARN] - [WrapperSimpleAppMain] com.jolbox.bonecp.BoneCPConfig  - LogStatementsEnabled is set to true, but log4j level is not set at DEBUG. Disabling statement logging.
2015-07-16 16:47:27 [WARN] - [WrapperSimpleAppMain] com.jolbox.bonecp.BoneCP  - Thread close connection monitoring has been enabled. This will negatively impact on your performance. Only enable this option for debugging purposes!
2015-07-16 16:47:29 [WARN] - [WrapperSimpleAppMain] org.dozer.config.GlobalSettings  - Dozer configuration file not found: dozer.properties.  Using defaults for all Dozer global properties.
2015-07-16 16:47:30 [WARN] - [dataFetchScheduler-1] com.jolbox.bonecp.BoneCPConfig  - LogStatementsEnabled is set to true, but log4j level is not set at DEBUG. Disabling statement logging.
2015-07-16 16:47:30 [WARN] - [dataFetchScheduler-1] com.jolbox.bonecp.BoneCP  - Thread close connection monitoring has been enabled. This will negatively impact on your performance. Only enable this option for debugging purposes!
2015-07-16 16:49:21 [WARN] - [WrapperSimpleAppMain] com.jolbox.bonecp.BoneCPConfig  - LogStatementsEnabled is set to true, but log4j level is not set at DEBUG. Disabling statement logging.
2015-07-16 16:49:26 [WARN] - [WrapperSimpleAppMain] com.jolbox.bonecp.BoneCPConfig  - LogStatementsEnabled is set to true, but log4j level is not set at DEBUG. Disabling statement logging.
2015-07-16 16:49:28 [WARN] - [WrapperSimpleAppMain] org.dozer.config.GlobalSettings  - Dozer configuration file not found: dozer.properties.  Using defaults for all Dozer global properties.
2015-07-16 16:49:29 [WARN] - [WrapperSimpleAppMain] com.jolbox.bonecp.BoneCPConfig  - LogStatementsEnabled is set to true, but log4j level is not set at DEBUG. Disabling statement logging.
2015-07-16 16:55:38 [WARN] - [WrapperSimpleAppMain] com.jolbox.bonecp.BoneCPConfig  - LogStatementsEnabled is set to true, but log4j level is not set at DEBUG. Disabling statement logging.
2015-07-16 16:55:38 [WARN] - [WrapperSimpleAppMain] com.jolbox.bonecp.BoneCP  - Thread close connection monitoring has been enabled. This will negatively impact on your performance. Only enable this option for debugging purposes!
2015-07-16 16:55:41 [WARN] - [WrapperSimpleAppMain] org.dozer.config.GlobalSettings  - Dozer configuration file not found: dozer.properties.  Using defaults for all Dozer global properties.
2015-07-16 16:55:42 [WARN] - [dataFetchScheduler-1] com.jolbox.bonecp.BoneCPConfig  - LogStatementsEnabled is set to true, but log4j level is not set at DEBUG. Disabling statement logging.
