2015-07-16 16:55:42 [ERROR] - [dataFetchScheduler-1] org.springframework.scheduling.support.TaskUtils$LoggingErrorHandler.handleError(TaskUtils.java:95)  - Unexpected error occurred in scheduled task.
org.springframework.jdbc.CannotGetJdbcConnectionException: Could not get JDBC Connection; nested exception is java.sql.SQLException: Unable to open a test connection to the given database. JDBC url = jdbc:jtds:sqlserver://localhost:1433;DatabaseName=jdrestv5_branch, username = sa. Terminating connection pool (set lazyInit to true if you expect to start your database after your app). Original Exception: ------
java.sql.SQLException: 无法打开登录所请求的数据库 "jdrestv5_branch"。登录失败。
	at net.sourceforge.jtds.jdbc.SQLDiagnostic.addDiagnostic(SQLDiagnostic.java:368)
	at net.sourceforge.jtds.jdbc.TdsCore.tdsErrorToken(TdsCore.java:2820)
	at net.sourceforge.jtds.jdbc.TdsCore.nextToken(TdsCore.java:2258)
	at net.sourceforge.jtds.jdbc.TdsCore.login(TdsCore.java:603)
	at net.sourceforge.jtds.jdbc.ConnectionJDBC2.<init>(ConnectionJDBC2.java:357)
	at net.sourceforge.jtds.jdbc.ConnectionJDBC3.<init>(ConnectionJDBC3.java:50)
	at net.sourceforge.jtds.jdbc.Driver.connect(Driver.java:184)
	at java.sql.DriverManager.getConnection(DriverManager.java:582)
	at java.sql.DriverManager.getConnection(DriverManager.java:185)
	at com.jolbox.bonecp.BoneCP.obtainRawInternalConnection(BoneCP.java:363)
	at com.jolbox.bonecp.BoneCP.<init>(BoneCP.java:416)
	at com.jolbox.bonecp.BoneCPDataSource.getConnection(BoneCPDataSource.java:120)
	at org.springframework.jdbc.datasource.DataSourceUtils.doGetConnection(DataSourceUtils.java:111)
	at org.springframework.jdbc.datasource.DataSourceUtils.getConnection(DataSourceUtils.java:77)
	at org.springframework.jdbc.core.JdbcTemplate.execute(JdbcTemplate.java:630)
	at org.springframework.jdbc.core.JdbcTemplate.query(JdbcTemplate.java:695)
	at org.springframework.jdbc.core.JdbcTemplate.query(JdbcTemplate.java:727)
	at org.springframework.jdbc.core.JdbcTemplate.query(JdbcTemplate.java:737)
	at org.springframework.jdbc.core.JdbcTemplate.query(JdbcTemplate.java:787)
	at com.rci.metadata.service.impl.DataFetchServiceImpl.fetchOrders(DataFetchServiceImpl.java:60)
	at com.rci.metadata.service.impl.DataTransformServiceImpl.transformOrderInfo(DataTransformServiceImpl.java:64)
	at com.rci.service.impl.DataLoaderService.load(DataLoaderService.java:86)
	at com.rci.service.impl.DataLoaderService$$FastClassBySpringCGLIB$$4766fe66.invoke(<generated>)
	at org.springframework.cglib.proxy.MethodProxy.invoke(MethodProxy.java:204)
	at org.springframework.aop.framework.CglibAopProxy$DynamicAdvisedInterceptor.intercept(CglibAopProxy.java:640)
	at com.rci.service.impl.DataLoaderService$$EnhancerBySpringCGLIB$$8ebae10.load(<generated>)
	at com.rci.timer.FetchDataJob.fetchData(FetchDataJob.java:35)
	at sun.reflect.NativeMethodAccessorImpl.invoke0(Native Method)
	at sun.reflect.NativeMethodAccessorImpl.invoke(NativeMethodAccessorImpl.java:39)
	at sun.reflect.DelegatingMethodAccessorImpl.invoke(DelegatingMethodAccessorImpl.java:25)
	at java.lang.reflect.Method.invoke(Method.java:597)
	at org.springframework.scheduling.support.ScheduledMethodRunnable.run(ScheduledMethodRunnable.java:65)
	at org.springframework.scheduling.support.DelegatingErrorHandlingRunnable.run(DelegatingErrorHandlingRunnable.java:54)
	at java.util.concurrent.Executors$RunnableAdapter.call(Executors.java:441)
	at java.util.concurrent.FutureTask$Sync.innerRunAndReset(FutureTask.java:317)
	at java.util.concurrent.FutureTask.runAndReset(FutureTask.java:150)
	at java.util.concurrent.ScheduledThreadPoolExecutor$ScheduledFutureTask.access$101(ScheduledThreadPoolExecutor.java:98)
	at java.util.concurrent.ScheduledThreadPoolExecutor$ScheduledFutureTask.runPeriodic(ScheduledThreadPoolExecutor.java:180)
	at java.util.concurrent.ScheduledThreadPoolExecutor$ScheduledFutureTask.run(ScheduledThreadPoolExecutor.java:204)
	at java.util.concurrent.ThreadPoolExecutor$Worker.runTask(ThreadPoolExecutor.java:886)
	at java.util.concurrent.ThreadPoolExecutor$Worker.run(ThreadPoolExecutor.java:908)
	at java.lang.Thread.run(Thread.java:662)
------

	at org.springframework.jdbc.datasource.DataSourceUtils.getConnection(DataSourceUtils.java:80)
	at org.springframework.jdbc.core.JdbcTemplate.execute(JdbcTemplate.java:630)
	at org.springframework.jdbc.core.JdbcTemplate.query(JdbcTemplate.java:695)
	at org.springframework.jdbc.core.JdbcTemplate.query(JdbcTemplate.java:727)
	at org.springframework.jdbc.core.JdbcTemplate.query(JdbcTemplate.java:737)
	at org.springframework.jdbc.core.JdbcTemplate.query(JdbcTemplate.java:787)
	at com.rci.metadata.service.impl.DataFetchServiceImpl.fetchOrders(DataFetchServiceImpl.java:60)
	at com.rci.metadata.service.impl.DataTransformServiceImpl.transformOrderInfo(DataTransformServiceImpl.java:64)
	at com.rci.service.impl.DataLoaderService.load(DataLoaderService.java:86)
	at com.rci.service.impl.DataLoaderService$$FastClassBySpringCGLIB$$4766fe66.invoke(<generated>)
	at org.springframework.cglib.proxy.MethodProxy.invoke(MethodProxy.java:204)
	at org.springframework.aop.framework.CglibAopProxy$DynamicAdvisedInterceptor.intercept(CglibAopProxy.java:640)
	at com.rci.service.impl.DataLoaderService$$EnhancerBySpringCGLIB$$8ebae10.load(<generated>)
	at com.rci.timer.FetchDataJob.fetchData(FetchDataJob.java:35)
	at sun.reflect.NativeMethodAccessorImpl.invoke0(Native Method)
	at sun.reflect.NativeMethodAccessorImpl.invoke(NativeMethodAccessorImpl.java:39)
	at sun.reflect.DelegatingMethodAccessorImpl.invoke(DelegatingMethodAccessorImpl.java:25)
	at java.lang.reflect.Method.invoke(Method.java:597)
	at org.springframework.scheduling.support.ScheduledMethodRunnable.run(ScheduledMethodRunnable.java:65)
	at org.springframework.scheduling.support.DelegatingErrorHandlingRunnable.run(DelegatingErrorHandlingRunnable.java:54)
	at java.util.concurrent.Executors$RunnableAdapter.call(Executors.java:441)
	at java.util.concurrent.FutureTask$Sync.innerRunAndReset(FutureTask.java:317)
	at java.util.concurrent.FutureTask.runAndReset(FutureTask.java:150)
	at java.util.concurrent.ScheduledThreadPoolExecutor$ScheduledFutureTask.access$101(ScheduledThreadPoolExecutor.java:98)
	at java.util.concurrent.ScheduledThreadPoolExecutor$ScheduledFutureTask.runPeriodic(ScheduledThreadPoolExecutor.java:180)
	at java.util.concurrent.ScheduledThreadPoolExecutor$ScheduledFutureTask.run(ScheduledThreadPoolExecutor.java:204)
	at java.util.concurrent.ThreadPoolExecutor$Worker.runTask(ThreadPoolExecutor.java:886)
	at java.util.concurrent.ThreadPoolExecutor$Worker.run(ThreadPoolExecutor.java:908)
	at java.lang.Thread.run(Thread.java:662)
Caused by: java.sql.SQLException: Unable to open a test connection to the given database. JDBC url = jdbc:jtds:sqlserver://localhost:1433;DatabaseName=jdrestv5_branch, username = sa. Terminating connection pool (set lazyInit to true if you expect to start your database after your app). Original Exception: ------
java.sql.SQLException: 无法打开登录所请求的数据库 "jdrestv5_branch"。登录失败。
	at net.sourceforge.jtds.jdbc.SQLDiagnostic.addDiagnostic(SQLDiagnostic.java:368)
	at net.sourceforge.jtds.jdbc.TdsCore.tdsErrorToken(TdsCore.java:2820)
	at net.sourceforge.jtds.jdbc.TdsCore.nextToken(TdsCore.java:2258)
	at net.sourceforge.jtds.jdbc.TdsCore.login(TdsCore.java:603)
	at net.sourceforge.jtds.jdbc.ConnectionJDBC2.<init>(ConnectionJDBC2.java:357)
	at net.sourceforge.jtds.jdbc.ConnectionJDBC3.<init>(ConnectionJDBC3.java:50)
	at net.sourceforge.jtds.jdbc.Driver.connect(Driver.java:184)
	at java.sql.DriverManager.getConnection(DriverManager.java:582)
	at java.sql.DriverManager.getConnection(DriverManager.java:185)
	at com.jolbox.bonecp.BoneCP.obtainRawInternalConnection(BoneCP.java:363)
	at com.jolbox.bonecp.BoneCP.<init>(BoneCP.java:416)
	at com.jolbox.bonecp.BoneCPDataSource.getConnection(BoneCPDataSource.java:120)
	at org.springframework.jdbc.datasource.DataSourceUtils.doGetConnection(DataSourceUtils.java:111)
	at org.springframework.jdbc.datasource.DataSourceUtils.getConnection(DataSourceUtils.java:77)
	at org.springframework.jdbc.core.JdbcTemplate.execute(JdbcTemplate.java:630)
	at org.springframework.jdbc.core.JdbcTemplate.query(JdbcTemplate.java:695)
	at org.springframework.jdbc.core.JdbcTemplate.query(JdbcTemplate.java:727)
	at org.springframework.jdbc.core.JdbcTemplate.query(JdbcTemplate.java:737)
	at org.springframework.jdbc.core.JdbcTemplate.query(JdbcTemplate.java:787)
	at com.rci.metadata.service.impl.DataFetchServiceImpl.fetchOrders(DataFetchServiceImpl.java:60)
	at com.rci.metadata.service.impl.DataTransformServiceImpl.transformOrderInfo(DataTransformServiceImpl.java:64)
	at com.rci.service.impl.DataLoaderService.load(DataLoaderService.java:86)
	at com.rci.service.impl.DataLoaderService$$FastClassBySpringCGLIB$$4766fe66.invoke(<generated>)
	at org.springframework.cglib.proxy.MethodProxy.invoke(MethodProxy.java:204)
	at org.springframework.aop.framework.CglibAopProxy$DynamicAdvisedInterceptor.intercept(CglibAopProxy.java:640)
	at com.rci.service.impl.DataLoaderService$$EnhancerBySpringCGLIB$$8ebae10.load(<generated>)
	at com.rci.timer.FetchDataJob.fetchData(FetchDataJob.java:35)
	at sun.reflect.NativeMethodAccessorImpl.invoke0(Native Method)
	at sun.reflect.NativeMethodAccessorImpl.invoke(NativeMethodAccessorImpl.java:39)
	at sun.reflect.DelegatingMethodAccessorImpl.invoke(DelegatingMethodAccessorImpl.java:25)
	at java.lang.reflect.Method.invoke(Method.java:597)
	at org.springframework.scheduling.support.ScheduledMethodRunnable.run(ScheduledMethodRunnable.java:65)
	at org.springframework.scheduling.support.DelegatingErrorHandlingRunnable.run(DelegatingErrorHandlingRunnable.java:54)
	at java.util.concurrent.Executors$RunnableAdapter.call(Executors.java:441)
	at java.util.concurrent.FutureTask$Sync.innerRunAndReset(FutureTask.java:317)
	at java.util.concurrent.FutureTask.runAndReset(FutureTask.java:150)
	at java.util.concurrent.ScheduledThreadPoolExecutor$ScheduledFutureTask.access$101(ScheduledThreadPoolExecutor.java:98)
	at java.util.concurrent.ScheduledThreadPoolExecutor$ScheduledFutureTask.runPeriodic(ScheduledThreadPoolExecutor.java:180)
	at java.util.concurrent.ScheduledThreadPoolExecutor$ScheduledFutureTask.run(ScheduledThreadPoolExecutor.java:204)
	at java.util.concurrent.ThreadPoolExecutor$Worker.runTask(ThreadPoolExecutor.java:886)
	at java.util.concurrent.ThreadPoolExecutor$Worker.run(ThreadPoolExecutor.java:908)
	at java.lang.Thread.run(Thread.java:662)
------

	at sun.reflect.NativeConstructorAccessorImpl.newInstance0(Native Method)
	at sun.reflect.NativeConstructorAccessorImpl.newInstance(NativeConstructorAccessorImpl.java:39)
	at sun.reflect.DelegatingConstructorAccessorImpl.newInstance(DelegatingConstructorAccessorImpl.java:27)
	at java.lang.reflect.Constructor.newInstance(Constructor.java:513)
	at com.jolbox.bonecp.PoolUtil.generateSQLException(PoolUtil.java:192)
	at com.jolbox.bonecp.BoneCP.<init>(BoneCP.java:422)
	at com.jolbox.bonecp.BoneCPDataSource.getConnection(BoneCPDataSource.java:120)
	at org.springframework.jdbc.datasource.DataSourceUtils.doGetConnection(DataSourceUtils.java:111)
	at org.springframework.jdbc.datasource.DataSourceUtils.getConnection(DataSourceUtils.java:77)
	... 28 more
Caused by: java.sql.SQLException: 无法打开登录所请求的数据库 "jdrestv5_branch"。登录失败。
	at net.sourceforge.jtds.jdbc.SQLDiagnostic.addDiagnostic(SQLDiagnostic.java:368)
	at net.sourceforge.jtds.jdbc.TdsCore.tdsErrorToken(TdsCore.java:2820)
	at net.sourceforge.jtds.jdbc.TdsCore.nextToken(TdsCore.java:2258)
	at net.sourceforge.jtds.jdbc.TdsCore.login(TdsCore.java:603)
	at net.sourceforge.jtds.jdbc.ConnectionJDBC2.<init>(ConnectionJDBC2.java:357)
	at net.sourceforge.jtds.jdbc.ConnectionJDBC3.<init>(ConnectionJDBC3.java:50)
	at net.sourceforge.jtds.jdbc.Driver.connect(Driver.java:184)
	at java.sql.DriverManager.getConnection(DriverManager.java:582)
	at java.sql.DriverManager.getConnection(DriverManager.java:185)
	at com.jolbox.bonecp.BoneCP.obtainRawInternalConnection(BoneCP.java:363)
	at com.jolbox.bonecp.BoneCP.<init>(BoneCP.java:416)
	... 31 more
